SF:/home/darius/dev/javascript/dspjs-deno/src/deps.ts
FNF:0
FNH:0
BRF:0
BRH:0
DA:1,1
DA:2,1
DA:4,1
DA:5,1
DA:6,1
DA:7,1
DA:10,1
DA:11,1
DA:12,1
DA:13,1
DA:14,1
DA:15,1
DA:16,1
LH:13
LF:13
end_of_record
SF:/home/darius/dev/javascript/dspjs-deno/src/dev_deps.ts
FNF:0
FNH:0
BRF:0
BRH:0
DA:1,1
DA:2,1
LH:2
LF:2
end_of_record
SF:/home/darius/dev/javascript/dspjs-deno/src/dsp-functions/convolution.ts
FN:13,convolutionMatrix
FN:29,shiftArrayRight
FN:35,convolution
FN:51,convolutionComplex
FN:67,convolutionReal
FNDA:1,convolutionMatrix
FNDA:14,shiftArrayRight
FNDA:1,convolution
FNDA:1,convolutionComplex
FNDA:0,convolutionReal
FNF:5
FNH:4
BRDA:19,1,0,7
BRDA:20,1,1,22
BRDA:20,1,2,18
BRDA:30,2,0,28
BRDA:41,3,0,7
BRDA:44,3,1,21
BRDA:57,4,0,7
BRDA:60,4,1,21
BRF:8
BRH:8
DA:1,1
DA:2,1
DA:5,1
DA:6,1
DA:7,1
DA:8,1
DA:10,1
DA:12,1
DA:13,1
DA:14,1
DA:15,1
DA:17,2
DA:18,2
DA:19,6
DA:20,9
DA:21,108
DA:22,27
DA:23,9
DA:25,2
DA:26,2
DA:27,2
DA:29,1
DA:30,15
DA:31,43
DA:32,43
DA:33,1
DA:35,1
DA:36,1
DA:37,1
DA:39,2
DA:40,2
DA:41,2
DA:42,9
DA:43,9
DA:44,9
DA:45,30
DA:46,30
DA:47,9
DA:48,2
DA:49,2
DA:51,1
DA:52,1
DA:53,1
DA:55,8
DA:56,8
DA:57,2
DA:58,9
DA:59,9
DA:60,9
DA:61,30
DA:62,30
DA:63,9
DA:64,2
DA:65,2
DA:67,0
DA:68,0
DA:69,0
DA:71,0
DA:72,0
DA:73,0
DA:74,0
DA:75,0
DA:76,0
DA:77,0
DA:78,0
DA:79,0
DA:80,0
DA:81,0
LH:54
LF:68
end_of_record
SF:/home/darius/dev/javascript/dspjs-deno/src/dsp-functions/correlation.ts
FN:4,correlation
FNDA:2,correlation
FNF:1
FNH:1
BRDA:9,1,0,1
BRDA:14,1,1,4
BRDA:16,1,2,1
BRF:3
BRH:3
DA:2,1
DA:4,1
DA:5,1
DA:6,1
DA:8,3
DA:9,3
DA:10,4
DA:11,4
DA:13,4
DA:14,3
DA:15,7
DA:16,7
DA:17,4
DA:18,3
LH:14
LF:14
end_of_record
SF:/home/darius/dev/javascript/dspjs-deno/src/dsp-functions/fft.ts
FN:15,ditfft2_rec
FN:39,ditfft2
FNDA:1022,ditfft2_rec
FNDA:3,ditfft2
FNF:2
FNH:2
BRDA:20,1,0,512
BRDA:22,1,1,510
BRDA:26,1,2,2048
BRDA:42,2,0,1
BRDA:44,2,1,2
BRF:5
BRH:5
DA:1,1
DA:2,1
DA:4,1
DA:5,1
DA:6,1
DA:8,1
DA:9,1
DA:10,1
DA:11,1
DA:13,1
DA:14,1
DA:15,1023
DA:16,1023
DA:17,1023
DA:18,1023
DA:20,1023
DA:21,4605
DA:22,1023
DA:23,1533
DA:24,1533
DA:26,1533
DA:27,3581
DA:28,3581
DA:29,3581
DA:30,3581
DA:32,3581
DA:33,3581
DA:34,3581
DA:35,1533
DA:36,1533
DA:37,1023
DA:39,1
DA:40,4
DA:41,4
DA:42,4
DA:43,5
DA:44,4
DA:45,6
DA:46,6
DA:47,4
LH:40
LF:40
end_of_record
SF:/home/darius/dev/javascript/dspjs-deno/src/lib/complex.ts
FN:6,fromNumberArray
FN:14,conj
FN:20,calcModulus
FN:24,calcArgument
FN:37,calcReciprocal
FN:42,add
FN:46,subtract
FN:50,multiplyReal
FN:54,multiplyCplx
FN:58,divideReal
FN:62,divideCplx
FNDA:3,fromNumberArray
FNDA:0,conj
FNDA:0,calcModulus
FNDA:0,calcArgument
FNDA:0,calcReciprocal
FNDA:21,add
FNDA:0,subtract
FNDA:0,multiplyReal
FNDA:21,multiplyCplx
FNDA:0,divideReal
FNDA:0,divideCplx
FNF:11
FNH:3
BRF:0
BRH:0
DA:6,1
DA:7,4
DA:8,4
DA:9,84
DA:10,4
DA:11,4
DA:12,4
DA:14,0
DA:15,0
DA:16,0
DA:19,1
DA:20,0
DA:21,0
DA:22,0
DA:24,0
DA:25,0
DA:26,0
DA:27,0
DA:28,0
DA:29,0
DA:30,0
DA:31,0
DA:32,0
DA:33,0
DA:34,0
DA:35,0
DA:37,0
DA:38,0
DA:39,0
DA:40,0
DA:42,1
DA:43,88
DA:44,22
DA:46,0
DA:47,0
DA:48,0
DA:50,0
DA:51,0
DA:52,0
DA:54,1
DA:55,88
DA:56,22
DA:58,0
DA:59,0
DA:60,0
DA:62,0
DA:63,0
DA:64,0
DA:65,0
DA:66,0
LH:14
LF:50
end_of_record
